c:\users\drew\repos\bloog-bot-v2\navigation\release\pathfinder.obj
c:\users\drew\repos\bloog-bot-v2\navigation\release\navigation.obj
c:\users\drew\repos\bloog-bot-v2\navigation\release\movemap.obj
c:\users\drew\repos\bloog-bot-v2\navigation\release\detournode.obj
c:\users\drew\repos\bloog-bot-v2\navigation\release\detournavmeshquery.obj
c:\users\drew\repos\bloog-bot-v2\navigation\release\detournavmeshbuilder.obj
c:\users\drew\repos\bloog-bot-v2\navigation\release\detournavmesh.obj
c:\users\drew\repos\bloog-bot-v2\navigation\release\detourcommon.obj
c:\users\drew\repos\bloog-bot-v2\navigation\release\detouralloc.obj
c:\users\drew\repos\bloog-bot-v2\navigation\release\dllmain.obj
c:\users\drew\repos\bloog-bot-v2\bot\release\navigation.dll
c:\users\drew\repos\bloog-bot-v2\bot\release\navigation.lib
c:\users\drew\repos\bloog-bot-v2\bot\release\navigation.exp
c:\users\drew\repos\bloog-bot-v2\navigation\..\bot\release\navigation.dll
c:\users\drew\repos\bloog-bot-v2\navigation\release\navigation.tlog\cl.command.1.tlog
c:\users\drew\repos\bloog-bot-v2\navigation\release\navigation.tlog\cl.read.1.tlog
c:\users\drew\repos\bloog-bot-v2\navigation\release\navigation.tlog\cl.write.1.tlog
c:\users\drew\repos\bloog-bot-v2\navigation\release\navigation.tlog\link.command.1.tlog
c:\users\drew\repos\bloog-bot-v2\navigation\release\navigation.tlog\link.read.1.tlog
c:\users\drew\repos\bloog-bot-v2\navigation\release\navigation.tlog\link.write.1.tlog
c:\users\drew\repos\bloog-bot-v2\navigation\release\navigation.tlog\navigation.write.1u.tlog
